[12:13:14.246][info] [#0:/Users/pedro/.local/share/nvim/lsp_servers/sumneko_lua/extension/server/main.lua:65]: Lua Lsp startup, root: 	/Users/pedro/.local/share/nvim/lsp_servers/sumneko_lua/extension/server
[12:13:14.247][info] [#0:/Users/pedro/.local/share/nvim/lsp_servers/sumneko_lua/extension/server/main.lua:66]: ROOT:	/Users/pedro/.local/share/nvim/lsp_servers/sumneko_lua/extension/server
[12:13:14.247][info] [#0:/Users/pedro/.local/share/nvim/lsp_servers/sumneko_lua/extension/server/main.lua:67]: LOGPATH:	/Users/pedro/.local/share/nvim/lsp_servers/sumneko_lua/extension/server/log
[12:13:14.247][info] [#0:/Users/pedro/.local/share/nvim/lsp_servers/sumneko_lua/extension/server/main.lua:68]: METAPATH:	/Users/pedro/.local/share/nvim/lsp_servers/sumneko_lua/extension/server/meta
[12:13:14.248][info] [#0:/Users/pedro/.local/share/nvim/lsp_servers/sumneko_lua/extension/server/main.lua:69]: VERSION:	3.3.1
[12:13:14.332][info] [#0:script/service/service.lua:141]: 
========= Medical Examination Report =========
    --------------- Memory ---------------
        Total: 1.383 MB
        # 00 : 1.383 MB
        # 01 : 0.000 MB
        # 02 : 0.000 MB
        # 03 : 0.000 MB
        # 04 : 0.000 MB
    --------------- Coroutine ---------------
        Total:     0
        Running:   0
        Suspended: 0
        Normal:    0
        Dead:      0
    --------------- Cache ---------------
        Total: 1
        Dead:  0
    ---------------  RPC  ---------------
        Holdon:   0
        Waiting:  0
==============================================
[12:13:14.350][info] [#0:script/language.lua:137]: VSC language: nil
[12:13:14.350][info] [#0:script/language.lua:138]: LS  language: en-us
[12:13:14.350][info] [#0:script/workspace/workspace.lua:39]: Workspace init root: 	file:///Users/pedro/.dotfiles/.config/nvim
[12:13:14.350][info] [#0:script/workspace/workspace.lua:43]: Log path: 	/Users/pedro/.local/share/nvim/lsp_servers/sumneko_lua/extension/server/log/file_Users_pedro_.dotfiles_.config_nvim.log
[12:13:14.351][info] [#0:script/workspace/workspace.lua:49]: Workspace create: 	file:///Users/pedro/.dotfiles/.config/nvim
[12:13:26.505][info] [#0:script/provider/provider.lua:40]: Load config from client	file:///Users/pedro/.dotfiles/.config/nvim
[12:13:26.505][info] [#0:script/provider/provider.lua:40]: Load config from client	file:///Users/pedro/.dotfiles/.config/nvim
[12:13:26.612][info] [#0:script/provider/provider.lua:55]: Load config from client	fallback
[12:13:26.612][info] [#0:script/library.lua:207]: Init builtin library at:	nil
[12:13:26.699][info] [#0:script/library.lua:207]: Init builtin library at:	file:///Users/pedro/.dotfiles/.config/nvim
[12:13:26.713][info] [#0:script/plugin.lua:80]: plugin path:	nil
[12:13:26.713][info] [#0:script/plugin.lua:80]: plugin path:	nil
[12:13:26.713][info] [#0:script/provider/provider.lua:55]: Load config from client	fallback
[12:13:26.713][info] [#0:script/workspace/workspace.lua:285]: Preload start:	file:///Users/pedro/.dotfiles/.config/nvim
[12:13:26.715][info] [#0:script/workspace/workspace.lua:291]: Scan files at:	file:///Users/pedro/.dotfiles/.config/nvim
[12:13:26.715][info] [#0:script/workspace/workspace.lua:285]: Preload start:	<fallback>
[12:13:26.716][info] [#0:script/workspace/workspace.lua:307]: Scan library at:	file:///Users/pedro/.local/share/nvim/lsp_servers/sumneko_lua/extension/server/meta/Lua%205.4%20en-us%20utf8
[12:13:26.717][warn] [#0:script/files.lua:60]: Fix real file uri: file:///Users/pedro/.local/share/nvim/lsp_servers/sumneko_lua/extension/server/meta/Lua%205.4%20en-us%20utf8/basic.lua -> file:///Users/pedro/.dotfiles/.local/share/nvim/lsp_servers/sumneko_lua/extension/server/meta/Lua%205.4%20en-us%20utf8/basic.lua
[12:13:26.717][warn] [#0:script/files.lua:60]: Fix real file uri: file:///Users/pedro/.local/share/nvim/lsp_servers/sumneko_lua/extension/server/meta/Lua%205.4%20en-us%20utf8/table.lua -> file:///Users/pedro/.dotfiles/.local/share/nvim/lsp_servers/sumneko_lua/extension/server/meta/Lua%205.4%20en-us%20utf8/table.lua
[12:13:26.717][warn] [#0:script/files.lua:60]: Fix real file uri: file:///Users/pedro/.local/share/nvim/lsp_servers/sumneko_lua/extension/server/meta/Lua%205.4%20en-us%20utf8/os.lua -> file:///Users/pedro/.dotfiles/.local/share/nvim/lsp_servers/sumneko_lua/extension/server/meta/Lua%205.4%20en-us%20utf8/os.lua
[12:13:26.718][warn] [#0:script/files.lua:60]: Fix real file uri: file:///Users/pedro/.local/share/nvim/lsp_servers/sumneko_lua/extension/server/meta/Lua%205.4%20en-us%20utf8/string.lua -> file:///Users/pedro/.dotfiles/.local/share/nvim/lsp_servers/sumneko_lua/extension/server/meta/Lua%205.4%20en-us%20utf8/string.lua
[12:13:26.719][warn] [#0:script/files.lua:60]: Fix real file uri: file:///Users/pedro/.local/share/nvim/lsp_servers/sumneko_lua/extension/server/meta/Lua%205.4%20en-us%20utf8/math.lua -> file:///Users/pedro/.dotfiles/.local/share/nvim/lsp_servers/sumneko_lua/extension/server/meta/Lua%205.4%20en-us%20utf8/math.lua
[12:13:26.719][warn] [#0:script/files.lua:60]: Fix real file uri: file:///Users/pedro/.local/share/nvim/lsp_servers/sumneko_lua/extension/server/meta/Lua%205.4%20en-us%20utf8/coroutine.lua -> file:///Users/pedro/.dotfiles/.local/share/nvim/lsp_servers/sumneko_lua/extension/server/meta/Lua%205.4%20en-us%20utf8/coroutine.lua
[12:13:26.720][warn] [#0:script/files.lua:60]: Fix real file uri: file:///Users/pedro/.local/share/nvim/lsp_servers/sumneko_lua/extension/server/meta/Lua%205.4%20en-us%20utf8/debug.lua -> file:///Users/pedro/.dotfiles/.local/share/nvim/lsp_servers/sumneko_lua/extension/server/meta/Lua%205.4%20en-us%20utf8/debug.lua
[12:13:26.720][warn] [#0:script/files.lua:60]: Fix real file uri: file:///Users/pedro/.local/share/nvim/lsp_servers/sumneko_lua/extension/server/meta/Lua%205.4%20en-us%20utf8/io.lua -> file:///Users/pedro/.dotfiles/.local/share/nvim/lsp_servers/sumneko_lua/extension/server/meta/Lua%205.4%20en-us%20utf8/io.lua
[12:13:26.720][warn] [#0:script/files.lua:60]: Fix real file uri: file:///Users/pedro/.local/share/nvim/lsp_servers/sumneko_lua/extension/server/meta/Lua%205.4%20en-us%20utf8/utf8.lua -> file:///Users/pedro/.dotfiles/.local/share/nvim/lsp_servers/sumneko_lua/extension/server/meta/Lua%205.4%20en-us%20utf8/utf8.lua
[12:13:26.721][warn] [#0:script/files.lua:60]: Fix real file uri: file:///Users/pedro/.local/share/nvim/lsp_servers/sumneko_lua/extension/server/meta/Lua%205.4%20en-us%20utf8/package.lua -> file:///Users/pedro/.dotfiles/.local/share/nvim/lsp_servers/sumneko_lua/extension/server/meta/Lua%205.4%20en-us%20utf8/package.lua
[12:13:26.721][warn] [#0:script/files.lua:60]: Fix real file uri: file:///Users/pedro/.local/share/nvim/lsp_servers/sumneko_lua/extension/server/meta/Lua%205.4%20en-us%20utf8/builtin.lua -> file:///Users/pedro/.dotfiles/.local/share/nvim/lsp_servers/sumneko_lua/extension/server/meta/Lua%205.4%20en-us%20utf8/builtin.lua
[12:13:26.721][info] [#0:script/workspace/workspace.lua:307]: Scan library at:	file:///usr/local/Cellar/neovim/0.7.0/share/nvim/runtime/lua
[12:13:26.731][info] [#0:script/workspace/workspace.lua:307]: Scan library at:	file:///Users/pedro/.config/nvim/lua
[12:13:26.731][warn] [#0:script/files.lua:60]: Fix real file uri: file:///Users/pedro/.config/nvim/lua/user/impatient.lua -> file:///Users/pedro/.dotfiles/.config/nvim/lua/user/impatient.lua
[12:13:26.731][warn] [#0:script/files.lua:60]: Fix real file uri: file:///Users/pedro/.config/nvim/lua/user/bufferline.lua -> file:///Users/pedro/.dotfiles/.config/nvim/lua/user/bufferline.lua
[12:13:26.732][warn] [#0:script/files.lua:60]: Fix real file uri: file:///Users/pedro/.config/nvim/lua/user/toggleterm.lua -> file:///Users/pedro/.dotfiles/.config/nvim/lua/user/toggleterm.lua
[12:13:26.732][warn] [#0:script/files.lua:60]: Fix real file uri: file:///Users/pedro/.config/nvim/lua/user/treesitter.lua -> file:///Users/pedro/.dotfiles/.config/nvim/lua/user/treesitter.lua
[12:13:26.732][warn] [#0:script/files.lua:60]: Fix real file uri: file:///Users/pedro/.config/nvim/lua/user/cmp.lua -> file:///Users/pedro/.dotfiles/.config/nvim/lua/user/cmp.lua
[12:13:26.732][warn] [#0:script/files.lua:60]: Fix real file uri: file:///Users/pedro/.config/nvim/lua/user/options.lua -> file:///Users/pedro/.dotfiles/.config/nvim/lua/user/options.lua
[12:13:26.732][warn] [#0:script/files.lua:60]: Fix real file uri: file:///Users/pedro/.config/nvim/lua/user/whichkey.lua -> file:///Users/pedro/.dotfiles/.config/nvim/lua/user/whichkey.lua
[12:13:26.733][warn] [#0:script/files.lua:60]: Fix real file uri: file:///Users/pedro/.config/nvim/lua/user/comment.lua -> file:///Users/pedro/.dotfiles/.config/nvim/lua/user/comment.lua
[12:13:26.733][warn] [#0:script/files.lua:60]: Fix real file uri: file:///Users/pedro/.config/nvim/lua/user/gitsigns.lua -> file:///Users/pedro/.dotfiles/.config/nvim/lua/user/gitsigns.lua
[12:13:26.733][warn] [#0:script/files.lua:60]: Fix real file uri: file:///Users/pedro/.config/nvim/lua/user/colorscheme.lua -> file:///Users/pedro/.dotfiles/.config/nvim/lua/user/colorscheme.lua
[12:13:26.733][warn] [#0:script/files.lua:60]: Fix real file uri: file:///Users/pedro/.config/nvim/lua/user/project.lua -> file:///Users/pedro/.dotfiles/.config/nvim/lua/user/project.lua
[12:13:26.733][warn] [#0:script/files.lua:60]: Fix real file uri: file:///Users/pedro/.config/nvim/lua/user/lualine.lua -> file:///Users/pedro/.dotfiles/.config/nvim/lua/user/lualine.lua
[12:13:26.733][info] [#0:script/workspace/workspace.lua:307]: Scan library at:	file:///Users/pedro/.local/share/nvim/lsp_servers/sumneko_lua/extension/server/meta/Lua%205.4%20en-us%20utf8
[12:13:26.734][warn] [#0:script/files.lua:60]: Fix real file uri: file:///Users/pedro/.config/nvim/lua/user/lsp/null-ls.lua -> file:///Users/pedro/.dotfiles/.config/nvim/lua/user/lsp/null-ls.lua
[12:13:26.735][warn] [#0:script/files.lua:60]: Fix real file uri: file:///Users/pedro/.config/nvim/lua/user/lsp/handlers.lua -> file:///Users/pedro/.dotfiles/.config/nvim/lua/user/lsp/handlers.lua
[12:13:26.735][warn] [#0:script/files.lua:60]: Fix real file uri: file:///Users/pedro/.config/nvim/lua/user/lsp/configs.lua -> file:///Users/pedro/.dotfiles/.config/nvim/lua/user/lsp/configs.lua
[12:13:26.735][warn] [#0:script/files.lua:60]: Fix real file uri: file:///Users/pedro/.config/nvim/lua/user/lsp/init.lua -> file:///Users/pedro/.dotfiles/.config/nvim/lua/user/lsp/init.lua
[12:13:26.736][warn] [#0:script/files.lua:60]: Fix real file uri: file:///Users/pedro/.config/nvim/lua/user/lsp/settings/sumneko_lua.lua -> file:///Users/pedro/.dotfiles/.config/nvim/lua/user/lsp/settings/sumneko_lua.lua
[12:13:26.736][warn] [#0:script/files.lua:60]: Fix real file uri: file:///Users/pedro/.config/nvim/lua/user/lsp/settings/jsonls.lua -> file:///Users/pedro/.dotfiles/.config/nvim/lua/user/lsp/settings/jsonls.lua
[12:13:26.736][warn] [#0:script/files.lua:60]: Fix real file uri: file:///Users/pedro/.config/nvim/lua/user/plugins.lua -> file:///Users/pedro/.dotfiles/.config/nvim/lua/user/plugins.lua
[12:13:26.737][warn] [#0:script/files.lua:60]: Fix real file uri: file:///Users/pedro/.config/nvim/lua/user/nvim-tree.lua -> file:///Users/pedro/.dotfiles/.config/nvim/lua/user/nvim-tree.lua
[12:13:26.737][warn] [#0:script/files.lua:60]: Fix real file uri: file:///Users/pedro/.config/nvim/lua/user/autocommands.lua -> file:///Users/pedro/.dotfiles/.config/nvim/lua/user/autocommands.lua
[12:13:26.737][warn] [#0:script/files.lua:60]: Fix real file uri: file:///Users/pedro/.config/nvim/lua/user/alpha.lua -> file:///Users/pedro/.dotfiles/.config/nvim/lua/user/alpha.lua
[12:13:26.737][warn] [#0:script/files.lua:60]: Fix real file uri: file:///Users/pedro/.config/nvim/lua/user/telescope.lua -> file:///Users/pedro/.dotfiles/.config/nvim/lua/user/telescope.lua
[12:13:26.737][info] [#0:script/workspace/workspace.lua:307]: Scan library at:	file:///usr/local/Cellar/neovim/0.7.0/share/nvim/runtime/lua
[12:13:26.738][warn] [#0:script/files.lua:60]: Fix real file uri: file:///Users/pedro/.config/nvim/lua/user/autopairs.lua -> file:///Users/pedro/.dotfiles/.config/nvim/lua/user/autopairs.lua
[12:13:26.738][warn] [#0:script/files.lua:60]: Fix real file uri: file:///Users/pedro/.config/nvim/lua/user/keymaps.lua -> file:///Users/pedro/.dotfiles/.config/nvim/lua/user/keymaps.lua
[12:13:26.738][warn] [#0:script/files.lua:60]: Fix real file uri: file:///Users/pedro/.config/nvim/lua/user/indentline.lua -> file:///Users/pedro/.dotfiles/.config/nvim/lua/user/indentline.lua
[12:13:26.742][info] [#0:script/workspace/workspace.lua:307]: Scan library at:	file:///Users/pedro/.config/nvim/lua
[12:13:28.409][info] [#0:script/workspace/workspace.lua:327]: Found 71 files at:	<fallback>
[12:13:28.409][info] [#0:script/workspace/loading.lua:152]: Load files from disk:	<fallback>
[12:13:28.409][info] [#0:script/workspace/workspace.lua:327]: Found 98 files at:	file:///Users/pedro/.dotfiles/.config/nvim
[12:13:28.409][info] [#0:script/workspace/loading.lua:152]: Load files from disk:	file:///Users/pedro/.dotfiles/.config/nvim
[12:13:30.415][info] [#0:script/workspace/loading.lua:164]: Loaded files takes [0.055] sec: <fallback>
[12:13:30.415][info] [#0:script/workspace/loading.lua:173]: Compile files takes [0.000] sec: <fallback>
[12:13:30.415][info] [#0:script/workspace/loading.lua:174]: Loaded finish:	<fallback>
[12:13:30.415][info] [#0:script/workspace/workspace.lua:329]: Preload finish at:	<fallback>
[12:13:30.415][info] [#0:script/workspace/loading.lua:164]: Loaded files takes [0.055] sec: file:///Users/pedro/.dotfiles/.config/nvim
[12:13:30.415][info] [#0:script/workspace/loading.lua:173]: Compile files takes [0.000] sec: file:///Users/pedro/.dotfiles/.config/nvim
[12:13:30.415][info] [#0:script/workspace/loading.lua:174]: Loaded finish:	file:///Users/pedro/.dotfiles/.config/nvim
[12:13:30.415][info] [#0:script/workspace/workspace.lua:329]: Preload finish at:	file:///Users/pedro/.dotfiles/.config/nvim
[12:13:30.858][info] [#0:script/provider/diagnostic.lua:453]: Diagnostics scope [file:///Users/pedro/.dotfiles/.config/nvim], files count:[98]
[12:13:30.909][info] [#0:script/provider/diagnostic.lua:470]: Diagnostics scope [file:///Users/pedro/.dotfiles/.config/nvim] finished, takes [0.036] sec.
[12:13:32.417][info] [#0:script/provider/diagnostic.lua:453]: Diagnostics scope [<fallback>], files count:[98]
[12:13:32.455][info] [#0:script/provider/diagnostic.lua:470]: Diagnostics scope [<fallback>] finished, takes [0.034] sec.
[12:13:32.656][warn] [#0:script/proto/proto.lua:122]: Response of [workspace/diagnostic/refresh] error [-32601]: MethodNotFound
[12:13:32.656][warn] [#0:script/proto/proto.lua:122]: Response of [workspace/diagnostic/refresh] error [-32601]: MethodNotFound
[12:14:01.424][info] [#0:script/provider/provider.lua:167]: Server shutdown.
[12:14:01.530][info] [#0:script/provider/provider.lua:160]: Server exited.
