[12:13:14.246][info] [#0:/Users/pedro/.local/share/nvim/lsp_servers/sumneko_lua/extension/server/main.lua:65]: Lua Lsp startup, root: 	/Users/pedro/.local/share/nvim/lsp_servers/sumneko_lua/extension/server
[12:13:14.247][info] [#0:/Users/pedro/.local/share/nvim/lsp_servers/sumneko_lua/extension/server/main.lua:66]: ROOT:	/Users/pedro/.local/share/nvim/lsp_servers/sumneko_lua/extension/server
[12:13:14.247][info] [#0:/Users/pedro/.local/share/nvim/lsp_servers/sumneko_lua/extension/server/main.lua:67]: LOGPATH:	/Users/pedro/.local/share/nvim/lsp_servers/sumneko_lua/extension/server/log
[12:13:14.247][info] [#0:/Users/pedro/.local/share/nvim/lsp_servers/sumneko_lua/extension/server/main.lua:68]: METAPATH:	/Users/pedro/.local/share/nvim/lsp_servers/sumneko_lua/extension/server/meta
[12:13:14.248][info] [#0:/Users/pedro/.local/share/nvim/lsp_servers/sumneko_lua/extension/server/main.lua:69]: VERSION:	3.3.1
[12:13:14.332][info] [#0:script/service/service.lua:141]: 
========= Medical Examination Report =========
    --------------- Memory ---------------
        Total: 1.383 MB
        # 00 : 1.383 MB
        # 01 : 0.000 MB
        # 02 : 0.000 MB
        # 03 : 0.000 MB
        # 04 : 0.000 MB
    --------------- Coroutine ---------------
        Total:     0
        Running:   0
        Suspended: 0
        Normal:    0
        Dead:      0
    --------------- Cache ---------------
        Total: 1
        Dead:  0
    ---------------  RPC  ---------------
        Holdon:   0
        Waiting:  0
==============================================
[12:13:14.350][info] [#0:script/language.lua:137]: VSC language: nil
[12:13:14.350][info] [#0:script/language.lua:138]: LS  language: en-us
[12:13:14.350][info] [#0:script/workspace/workspace.lua:39]: Workspace init root: 	file:///Users/pedro/.dotfiles/.config/nvim
[12:13:14.350][info] [#0:script/workspace/workspace.lua:43]: Log path: 	/Users/pedro/.local/share/nvim/lsp_servers/sumneko_lua/extension/server/log/file_Users_pedro_.dotfiles_.config_nvim.log
